Total messages: 46 (Errors: 27, Warnings: 0)
Returning 27 messages for level "error"

[ERROR] Loading the script 'https://va.vercel-scripts.com/v1/script.debug.js' violates the following Content Security Policy directive: "script-src 'self' 'unsafe-eval' 'unsafe-inline'". Note that 'script-src-elem' was not explicitly set, so 'script-src' is used as a fallback. The action has been blocked. @ http://localhost:3000/_next/static/chunks/node_modules_d22a38e1._.js:553
[ERROR] Failed to load resource: the server responded with a status of 503 (Service Unavailable) @ http://localhost:3000/api/skills/purchase:0
[ERROR] Failed to load resource: the server responded with a status of 503 (Service Unavailable) @ http://localhost:3000/api/skills:0
[ERROR] Failed to load resource: the server responded with a status of 503 (Service Unavailable) @ http://localhost:3000/api/skills/specialize:0
[ERROR] Failed to load resource: the server responded with a status of 503 (Service Unavailable) @ http://localhost:3000/api/contracts:0
[ERROR] Failed to load resource: the server responded with a status of 503 (Service Unavailable) @ http://localhost:3000/api/events:0
[ERROR] Failed to load resource: the server responded with a status of 503 (Service Unavailable) @ http://localhost:3000/api/guilds:0
[ERROR] Failed to load resource: the server responded with a status of 503 (Service Unavailable) @ http://localhost:3000/api/skills/purchase:0
[ERROR] Failed to load resource: the server responded with a status of 503 (Service Unavailable) @ http://localhost:3000/api/skills:0
[ERROR] Failed to load resource: the server responded with a status of 503 (Service Unavailable) @ http://localhost:3000/api/skills/specialize:0
[ERROR] Failed to load resource: the server responded with a status of 503 (Service Unavailable) @ http://localhost:3000/api/contracts:0
[ERROR] Failed to load resource: the server responded with a status of 503 (Service Unavailable) @ http://localhost:3000/api/events:0
[ERROR] Failed to load resource: the server responded with a status of 503 (Service Unavailable) @ http://localhost:3000/api/mastery:0
[ERROR] Failed to load resource: the server responded with a status of 503 (Service Unavailable) @ http://localhost:3000/api/guilds:0
[ERROR] Failed to load resource: the server responded with a status of 404 (Not Found) @ http://localhost:3000/assets/audio/world-ambient.ogg:0
[ERROR] Failed to load resource: the server responded with a status of 503 (Service Unavailable) @ http://localhost:3000/api/mastery:0
[ERROR] Failed to load resource: the server responded with a status of 404 (Not Found) @ http://localhost:3000/assets/audio/zombies-dark.ogg:0
[ERROR] Failed to load resource: the server responded with a status of 404 (Not Found) @ http://localhost:3000/assets/audio/store-upbeat.ogg:0
[ERROR] Failed to load resource: the server responded with a status of 404 (Not Found) @ http://localhost:3000/assets/audio/world-ambient.ogg:0
[ERROR] Failed to load resource: the server responded with a status of 404 (Not Found) @ http://localhost:3000/assets/audio/zombies-dark.ogg:0
[ERROR] Failed to load resource: the server responded with a status of 404 (Not Found) @ http://localhost:3000/assets/audio/store-upbeat.ogg:0
TypeError: Cannot read properties of undefined (reading 'toJSON')
    at AnimationManager.toJSON (http://localhost:3000/_next/static/chunks/node_modules_phaser_dist_phaser_6af1abcd.js:3978:66)
    at stringifySimple (http://localhost:3000/_next/static/chunks/node_modules_next_dist_compiled_a0e4c7b4._.js:2476:43)
    at stringifySimple (http://localhost:3000/_next/static/chunks/node_modules_next_dist_compiled_a0e4c7b4._.js:2535:47)
    at stringifySimple (http://localhost:3000/_next/static/chunks/node_modules_next_dist_compiled_a0e4c7b4._.js:2535:47)
    at stringifySimple (http://localhost:3000/_next/static/chunks/node_modules_next_dist_compiled_a0e4c7b4._.js:2535:47)
    at stringifySimple (http://localhost:3000/_next/static/chunks/node_modules_next_dist_compiled_a0e4c7b4._.js:2535:47)
    at stringify (http://localhost:3000/_next/static/chunks/node_modules_next_dist_compiled_a0e4c7b4._.js:2584:28)
    at http://localhost:3000/_next/static/chunks/node_modules_next_dist_f3530cac._.js:2488:65
    at Array.map (<anonymous>)
    at ClientFileLogger.log (http://localhost:3000/_next/static/chunks/node_modules_next_dist_f3530cac._.js:2479:30)
    at createLogEntry (http://localhost:3000/_next/static/chunks/node_modules_next_dist_f3530cac._.js:2724:22)
    at http://localhost:3000/_next/static/chunks/node_modules_next_dist_f3530cac._.js:2908:17
    at console.log (http://localhost:3000/_next/static/chunks/node_modules_next_dist_f3530cac._.js:2297:13)
    at LoaderPlugin.<anonymous> (http://localhost:3000/_next/static/chunks/src_11afa241._.js:2443:21)
    at LoaderPlugin.emit (http://localhost:3000/_next/static/chunks/node_modules_phaser_dist_phaser_6af1abcd.js:155:53)
    at LoaderPlugin.nextFile (http://localhost:3000/_next/static/chunks/node_modules_phaser_dist_phaser_6af1abcd.js:90945:34)
    at AudioFile.onLoad (http://localhost:3000/_next/static/chunks/node_modules_phaser_dist_phaser_6af1abcd.js:89877:37)
TypeError: Cannot read properties of undefined (reading 'toJSON')
    at AnimationManager.toJSON (http://localhost:3000/_next/static/chunks/node_modules_phaser_dist_phaser_6af1abcd.js:3978:66)
    at stringifySimple (http://localhost:3000/_next/static/chunks/node_modules_next_dist_compiled_a0e4c7b4._.js:2476:43)
    at stringifySimple (http://localhost:3000/_next/static/chunks/node_modules_next_dist_compiled_a0e4c7b4._.js:2535:47)
    at stringifySimple (http://localhost:3000/_next/static/chunks/node_modules_next_dist_compiled_a0e4c7b4._.js:2535:47)
    at stringifySimple (http://localhost:3000/_next/static/chunks/node_modules_next_dist_compiled_a0e4c7b4._.js:2535:47)
    at stringifySimple (http://localhost:3000/_next/static/chunks/node_modules_next_dist_compiled_a0e4c7b4._.js:2535:47)
    at stringify (http://localhost:3000/_next/static/chunks/node_modules_next_dist_compiled_a0e4c7b4._.js:2584:28)
    at http://localhost:3000/_next/static/chunks/node_modules_next_dist_f3530cac._.js:2488:65
    at Array.map (<anonymous>)
    at ClientFileLogger.log (http://localhost:3000/_next/static/chunks/node_modules_next_dist_f3530cac._.js:2479:30)
    at createLogEntry (http://localhost:3000/_next/static/chunks/node_modules_next_dist_f3530cac._.js:2724:22)
    at http://localhost:3000/_next/static/chunks/node_modules_next_dist_f3530cac._.js:2908:17
    at console.log (http://localhost:3000/_next/static/chunks/node_modules_next_dist_f3530cac._.js:2297:13)
    at LoaderPlugin.<anonymous> (http://localhost:3000/_next/static/chunks/src_11afa241._.js:2443:21)
    at LoaderPlugin.emit (http://localhost:3000/_next/static/chunks/node_modules_phaser_dist_phaser_6af1abcd.js:155:53)
    at LoaderPlugin.nextFile (http://localhost:3000/_next/static/chunks/node_modules_phaser_dist_phaser_6af1abcd.js:90945:34)
    at AudioFile.onLoad (http://localhost:3000/_next/static/chunks/node_modules_phaser_dist_phaser_6af1abcd.js:89877:37)
TypeError: Cannot read properties of undefined (reading 'toJSON')
    at AnimationManager.toJSON (http://localhost:3000/_next/static/chunks/node_modules_phaser_dist_phaser_6af1abcd.js:3978:66)
    at stringifySimple (http://localhost:3000/_next/static/chunks/node_modules_next_dist_compiled_a0e4c7b4._.js:2476:43)
    at stringifySimple (http://localhost:3000/_next/static/chunks/node_modules_next_dist_compiled_a0e4c7b4._.js:2535:47)
    at stringifySimple (http://localhost:3000/_next/static/chunks/node_modules_next_dist_compiled_a0e4c7b4._.js:2535:47)
    at stringifySimple (http://localhost:3000/_next/static/chunks/node_modules_next_dist_compiled_a0e4c7b4._.js:2535:47)
    at stringifySimple (http://localhost:3000/_next/static/chunks/node_modules_next_dist_compiled_a0e4c7b4._.js:2535:47)
    at stringify (http://localhost:3000/_next/static/chunks/node_modules_next_dist_compiled_a0e4c7b4._.js:2584:28)
    at http://localhost:3000/_next/static/chunks/node_modules_next_dist_f3530cac._.js:2488:65
    at Array.map (<anonymous>)
    at ClientFileLogger.log (http://localhost:3000/_next/static/chunks/node_modules_next_dist_f3530cac._.js:2479:30)
    at createLogEntry (http://localhost:3000/_next/static/chunks/node_modules_next_dist_f3530cac._.js:2724:22)
    at http://localhost:3000/_next/static/chunks/node_modules_next_dist_f3530cac._.js:2908:17
    at console.log (http://localhost:3000/_next/static/chunks/node_modules_next_dist_f3530cac._.js:2297:13)
    at LoaderPlugin.<anonymous> (http://localhost:3000/_next/static/chunks/src_11afa241._.js:2443:21)
    at LoaderPlugin.emit (http://localhost:3000/_next/static/chunks/node_modules_phaser_dist_phaser_6af1abcd.js:155:53)
    at LoaderPlugin.nextFile (http://localhost:3000/_next/static/chunks/node_modules_phaser_dist_phaser_6af1abcd.js:90945:34)
    at AudioFile.onLoad (http://localhost:3000/_next/static/chunks/node_modules_phaser_dist_phaser_6af1abcd.js:89877:37)
TypeError: Cannot read properties of undefined (reading 'toJSON')
    at AnimationManager.toJSON (http://localhost:3000/_next/static/chunks/node_modules_phaser_dist_phaser_6af1abcd.js:3978:66)
    at stringifySimple (http://localhost:3000/_next/static/chunks/node_modules_next_dist_compiled_a0e4c7b4._.js:2476:43)
    at stringifySimple (http://localhost:3000/_next/static/chunks/node_modules_next_dist_compiled_a0e4c7b4._.js:2535:47)
    at stringifySimple (http://localhost:3000/_next/static/chunks/node_modules_next_dist_compiled_a0e4c7b4._.js:2535:47)
    at stringifySimple (http://localhost:3000/_next/static/chunks/node_modules_next_dist_compiled_a0e4c7b4._.js:2535:47)
    at stringifySimple (http://localhost:3000/_next/static/chunks/node_modules_next_dist_compiled_a0e4c7b4._.js:2535:47)
    at stringify (http://localhost:3000/_next/static/chunks/node_modules_next_dist_compiled_a0e4c7b4._.js:2584:28)
    at http://localhost:3000/_next/static/chunks/node_modules_next_dist_f3530cac._.js:2488:65
    at Array.map (<anonymous>)
    at ClientFileLogger.log (http://localhost:3000/_next/static/chunks/node_modules_next_dist_f3530cac._.js:2479:30)
    at createLogEntry (http://localhost:3000/_next/static/chunks/node_modules_next_dist_f3530cac._.js:2724:22)
    at http://localhost:3000/_next/static/chunks/node_modules_next_dist_f3530cac._.js:2908:17
    at console.log (http://localhost:3000/_next/static/chunks/node_modules_next_dist_f3530cac._.js:2297:13)
    at LoaderPlugin.<anonymous> (http://localhost:3000/_next/static/chunks/src_11afa241._.js:2443:21)
    at LoaderPlugin.emit (http://localhost:3000/_next/static/chunks/node_modules_phaser_dist_phaser_6af1abcd.js:155:53)
    at LoaderPlugin.nextFile (http://localhost:3000/_next/static/chunks/node_modules_phaser_dist_phaser_6af1abcd.js:90945:34)
    at AudioFile.onLoad (http://localhost:3000/_next/static/chunks/node_modules_phaser_dist_phaser_6af1abcd.js:89877:37)
TypeError: Cannot read properties of undefined (reading 'toJSON')
    at AnimationManager.toJSON (http://localhost:3000/_next/static/chunks/node_modules_phaser_dist_phaser_6af1abcd.js:3978:66)
    at stringifySimple (http://localhost:3000/_next/static/chunks/node_modules_next_dist_compiled_a0e4c7b4._.js:2476:43)
    at stringifySimple (http://localhost:3000/_next/static/chunks/node_modules_next_dist_compiled_a0e4c7b4._.js:2535:47)
    at stringifySimple (http://localhost:3000/_next/static/chunks/node_modules_next_dist_compiled_a0e4c7b4._.js:2535:47)
    at stringifySimple (http://localhost:3000/_next/static/chunks/node_modules_next_dist_compiled_a0e4c7b4._.js:2535:47)
    at stringifySimple (http://localhost:3000/_next/static/chunks/node_modules_next_dist_compiled_a0e4c7b4._.js:2535:47)
    at stringify (http://localhost:3000/_next/static/chunks/node_modules_next_dist_compiled_a0e4c7b4._.js:2584:28)
    at http://localhost:3000/_next/static/chunks/node_modules_next_dist_f3530cac._.js:2488:65
    at Array.map (<anonymous>)
    at ClientFileLogger.log (http://localhost:3000/_next/static/chunks/node_modules_next_dist_f3530cac._.js:2479:30)
    at createLogEntry (http://localhost:3000/_next/static/chunks/node_modules_next_dist_f3530cac._.js:2724:22)
    at http://localhost:3000/_next/static/chunks/node_modules_next_dist_f3530cac._.js:2908:17
    at console.log (http://localhost:3000/_next/static/chunks/node_modules_next_dist_f3530cac._.js:2297:13)
    at LoaderPlugin.<anonymous> (http://localhost:3000/_next/static/chunks/src_11afa241._.js:2443:21)
    at LoaderPlugin.emit (http://localhost:3000/_next/static/chunks/node_modules_phaser_dist_phaser_6af1abcd.js:155:53)
    at LoaderPlugin.nextFile (http://localhost:3000/_next/static/chunks/node_modules_phaser_dist_phaser_6af1abcd.js:90945:34)
    at AudioFile.onLoad (http://localhost:3000/_next/static/chunks/node_modules_phaser_dist_phaser_6af1abcd.js:89877:37)
TypeError: Cannot read properties of undefined (reading 'toJSON')
    at AnimationManager.toJSON (http://localhost:3000/_next/static/chunks/node_modules_phaser_dist_phaser_6af1abcd.js:3978:66)
    at stringifySimple (http://localhost:3000/_next/static/chunks/node_modules_next_dist_compiled_a0e4c7b4._.js:2476:43)
    at stringifySimple (http://localhost:3000/_next/static/chunks/node_modules_next_dist_compiled_a0e4c7b4._.js:2535:47)
    at stringifySimple (http://localhost:3000/_next/static/chunks/node_modules_next_dist_compiled_a0e4c7b4._.js:2535:47)
    at stringifySimple (http://localhost:3000/_next/static/chunks/node_modules_next_dist_compiled_a0e4c7b4._.js:2535:47)
    at stringifySimple (http://localhost:3000/_next/static/chunks/node_modules_next_dist_compiled_a0e4c7b4._.js:2535:47)
    at stringify (http://localhost:3000/_next/static/chunks/node_modules_next_dist_compiled_a0e4c7b4._.js:2584:28)
    at http://localhost:3000/_next/static/chunks/node_modules_next_dist_f3530cac._.js:2488:65
    at Array.map (<anonymous>)
    at ClientFileLogger.log (http://localhost:3000/_next/static/chunks/node_modules_next_dist_f3530cac._.js:2479:30)
    at createLogEntry (http://localhost:3000/_next/static/chunks/node_modules_next_dist_f3530cac._.js:2724:22)
    at http://localhost:3000/_next/static/chunks/node_modules_next_dist_f3530cac._.js:2908:17
    at console.log (http://localhost:3000/_next/static/chunks/node_modules_next_dist_f3530cac._.js:2297:13)
    at LoaderPlugin.<anonymous> (http://localhost:3000/_next/static/chunks/src_11afa241._.js:2443:21)
    at LoaderPlugin.emit (http://localhost:3000/_next/static/chunks/node_modules_phaser_dist_phaser_6af1abcd.js:155:53)
    at LoaderPlugin.nextFile (http://localhost:3000/_next/static/chunks/node_modules_phaser_dist_phaser_6af1abcd.js:90945:34)
    at AudioFile.onLoad (http://localhost:3000/_next/static/chunks/node_modules_phaser_dist_phaser_6af1abcd.js:89877:37)