Total messages: 38 (Errors: 21, Warnings: 6)
Returning 21 messages for level "error"

[ERROR] Loading the script 'https://va.vercel-scripts.com/v1/script.debug.js' violates the following Content Security Policy directive: "script-src 'self' 'unsafe-eval' 'unsafe-inline'". Note that 'script-src-elem' was not explicitly set, so 'script-src' is used as a fallback. The action has been blocked. @ http://localhost:3000/_next/static/chunks/node_modules_d22a38e1._.js:553
[ERROR] Failed to load resource: the server responded with a status of 503 (Service Unavailable) @ http://localhost:3000/api/events:0
[ERROR] Failed to load resource: the server responded with a status of 503 (Service Unavailable) @ http://localhost:3000/api/skills:0
[ERROR] Failed to load resource: the server responded with a status of 503 (Service Unavailable) @ http://localhost:3000/api/skills/purchase:0
[ERROR] Failed to load resource: the server responded with a status of 503 (Service Unavailable) @ http://localhost:3000/api/skills/specialize:0
[ERROR] Failed to load resource: the server responded with a status of 503 (Service Unavailable) @ http://localhost:3000/api/contracts:0
[ERROR] Failed to load resource: the server responded with a status of 503 (Service Unavailable) @ http://localhost:3000/api/guilds:0
[ERROR] Failed to load resource: the server responded with a status of 503 (Service Unavailable) @ http://localhost:3000/api/mastery:0
[ERROR] Failed to load resource: the server responded with a status of 503 (Service Unavailable) @ http://localhost:3000/api/events:0
[ERROR] Failed to load resource: the server responded with a status of 503 (Service Unavailable) @ http://localhost:3000/api/skills:0
[ERROR] Failed to load resource: the server responded with a status of 503 (Service Unavailable) @ http://localhost:3000/api/skills/purchase:0
[ERROR] Failed to load resource: the server responded with a status of 503 (Service Unavailable) @ http://localhost:3000/api/skills/specialize:0
[ERROR] Failed to load resource: the server responded with a status of 503 (Service Unavailable) @ http://localhost:3000/api/contracts:0
[ERROR] Failed to load resource: the server responded with a status of 503 (Service Unavailable) @ http://localhost:3000/api/guilds:0
[ERROR] Failed to load resource: the server responded with a status of 503 (Service Unavailable) @ http://localhost:3000/api/mastery:0
[ERROR] Failed to load resource: the server responded with a status of 404 (Not Found) @ http://localhost:3000/assets/audio/world-ambient.ogg:0
[ERROR] Failed to load resource: the server responded with a status of 404 (Not Found) @ http://localhost:3000/assets/audio/zombies-dark.ogg:0
[ERROR] Failed to load resource: the server responded with a status of 404 (Not Found) @ http://localhost:3000/assets/audio/store-upbeat.ogg:0
[ERROR] Failed to load resource: the server responded with a status of 404 (Not Found) @ http://localhost:3000/assets/audio/zombies-dark.ogg:0
[ERROR] Failed to load resource: the server responded with a status of 404 (Not Found) @ http://localhost:3000/assets/audio/world-ambient.ogg:0
[ERROR] Failed to load resource: the server responded with a status of 404 (Not Found) @ http://localhost:3000/assets/audio/store-upbeat.ogg:0